<?xml version="1.0" encoding="UTF-8"?>
<testsuite name="SearchForTextOccurrencesTest" tests="2" skipped="0" failures="0" errors="0" timestamp="2025-10-15T15:18:44" hostname="Zhibeks-MacBook-Air.local" time="0.235">
  <properties/>
  <testcase name="should handle empty search string gracefully()" classname="SearchForTextOccurrencesTest" time="0.211"/>
  <testcase name="should find occurrences in multiple files()" classname="SearchForTextOccurrencesTest" time="0.019"/>
  <system-out><![CDATA[]]></system-out>
  <system-err><![CDATA[]]></system-err>
</testsuite>
